2026-06-09 23:41:18 | OK | Limpiar logs | 0s | Lineas: 0
2026-06-09 23:41:25 | OK | Temperatura CPU | 0s | 48.7'C
2026-06-09 23:41:32 | OK | Estado WiFi | 0s | WiFi: OK
2026-06-09 23:49:40 | OK | Estado WiFi | 0s | WiFi: OK
2026-06-10 17:59:41 | OK | Temperatura CPU | 0s | 45.2'C
2026-06-10 17:59:52 | OK | Estado WiFi | 0s | WiFi: OK
2026-06-10 17:59:56 | OK | Uso disco | 0s | 26% de 29G
2026-06-10 18:00:02 | OK | Estado WiFi | 0s | WiFi: OK
2026-06-10 18:01:42 | OK | Temperatura CPU | 0s | 47.2'C
2026-06-10 18:01:59 | OK | Estado WiFi | 0s | WiFi: OK
2026-06-10 18:02:05 | OK | Uso disco | 0s | 26% de 29G
2026-06-10 18:28:44 | OK | Temperatura CPU | 0s | 50.6'C
2026-06-10 19:13:54 | OK | Temperatura CPU | 0s | 51.1'C
2026-06-10 19:14:13 | OK | Estado WiFi | 0s | WiFi: OK
2026-06-10 19:14:20 | OK | Uso disco | 0s | 26% de 29G
2026-06-10 19:57:25 | OK | Temperatura CPU | 0s | 46.2'C
2026-06-10 19:57:30 | OK | Estado WiFi | 0s | WiFi: OK
2026-06-10 21:15:42 | OK | Mostrar IP | 0s | 192.168.1.136
2026-06-10 21:15:53 | OK | Mostrar IP | 0s | 192.168.1.136
2026-06-10 21:17:44 | OK | Estado WiFi | 0s | WiFi: OK
2026-06-10 21:17:48 | ERROR | Test error | 0s | ping: 192.168.1.
2026-06-10 21:17:55 | ERROR | Test error | 0s | ping: 192.168.1.
2026-06-10 21:18:01 | ERROR | Test error | 0s | ping: 192.168.1.
2026-06-10 21:18:17 | OK | Mostrar IP | 0s | 192.168.1.136
2026-06-11 18:16:53 | OK | Push GitHub | 2s | Push: 684d269
2026-06-11 18:18:27 | OK | Push GitHub | 2s | Push: c282600
2026-06-11 18:19:48 | OK | Mostrar IP | 0s | 192.168.1.136
2026-06-11 18:19:52 | OK | Temperatura CPU | 0s | 47.7'C
2026-06-11 18:19:57 | OK | Memoria RAM | 0s | 366Mi/3.7Gi
2026-06-11 18:21:06 | OK | Mostrar IP | 0s | 192.168.1.136
2026-06-11 18:21:12 | OK | Push GitHub | 2s | Push: 8a18688
2026-06-11 18:24:41 | OK | Memoria RAM | 0s | 367Mi/3.7Gi
2026-06-11 18:24:49 | OK | Push GitHub | 2s | Push: 01b2ed1
2026-06-11 18:26:35 | OK | Push GitHub | 2s | Push: 38e8f5f
2026-06-11 18:36:47 | ERROR | Test error | 0s | ping: 192.168.1.
2026-06-11 18:36:57 | OK | Temperatura CPU | 0s | 48.7'C
2026-06-11 18:37:35 | OK | Temperatura CPU | 0s | 48.7'C
2026-06-11 18:37:40 | OK | Uso disco | 0s | 26% de 29G
2026-06-11 22:44:47 | OK | Temperatura CPU | 0s | 41.8'C
2026-06-11 22:56:56 | OK | Estado WiFi | 0s | WiFi: OK
2026-06-11 22:57:01 | OK | Uso disco | 0s | 26% de 29G
2026-06-11 22:57:07 | OK | Memoria RAM | 0s | 363Mi/3.7Gi
2026-06-11 22:57:14 | ERROR | Test error | 0s | ping: 192.168.1.
2026-06-11 22:57:19 | OK | Mostrar IP | 0s | 192.168.1.136
2026-06-12 08:20:29 | OK | Temperatura CPU | 0s | 44.8'C
2026-06-12 08:20:36 | OK | Memoria RAM | 0s | 370Mi/3.7Gi
2026-06-12 08:20:45 | OK | Push GitHub | 2s | Push: 9685742
2026-06-12 08:26:12 | OK | Mostrar IP | 0s | 192.168.1.136
2026-06-12 08:26:17 | OK | Temperatura CPU | 0s | 47.2'C
2026-06-12 09:45:46 | OK | Temperatura CPU | 0s | 36.0'C
2026-06-12 09:48:38 | OK | Mostrar IP | 0s | Ejecutado
2026-06-12 09:45:44 | OK | Mostrar IP | 0s | 10.3.50.20
2026-06-12 12:30:15 | OK | Mostrar IP | 0s | 10.3.50.20
2026-06-12 12:33:50 | OK | Temperatura CPU | 0s | 43.3'C
2026-06-12 12:33:54 | OK | Estado WiFi | 0s | WiFi: OK
2026-06-12 12:33:59 | OK | Uso disco | 0s | 26% de 29G
2026-06-12 12:34:03 | OK | Memoria RAM | 0s | 390Mi/3.7Gi
2026-06-12 12:38:00 | OK | Temperatura CPU | 0s | 45.2'C
2026-06-12 12:38:17 | OK | Mostrar IP | 0s | 10.3.50.20
2026-06-12 12:38:39 | ERROR | Test error | 0s | ping: 192.168.1.
2026-06-12 12:38:58 | OK | Push GitHub | 2s | Push: f65ba31
2026-06-12 12:40:51 | ERROR | hola | 0s | Error: no such f
